[0m19:27:24.195387 [debug] [MainThread]: Sending event: {'category': 'dbt', 'action': 'invocation', 'label': 'start', 'context': [<snowplow_tracker.self_describing_json.SelfDescribingJson object at 0x107b4e870>, <snowplow_tracker.self_describing_json.SelfDescribingJson object at 0x12164ba10>, <snowplow_tracker.self_describing_json.SelfDescribingJson object at 0x12164b740>]}


============================== 19:27:24.215044 | ec6d4db3-61a7-478d-9954-8cfeeb0c4193 ==============================
[0m19:27:24.215044 [info ] [MainThread]: Running with dbt=1.9.4
[0m19:27:24.215398 [debug] [MainThread]: running dbt with arguments {'printer_width': '80', 'indirect_selection': 'eager', 'log_cache_events': 'False', 'write_json': 'True', 'partial_parse': 'True', 'cache_selected_only': 'False', 'profiles_dir': '/Users/qjf/.dbt', 'debug': 'False', 'warn_error': 'None', 'log_path': 'logs', 'fail_fast': 'False', 'version_check': 'True', 'use_colors': 'True', 'use_experimental_parser': 'False', 'empty': 'None', 'quiet': 'False', 'no_print': 'None', 'warn_error_options': 'WarnErrorOptions(include=[], exclude=[])', 'introspect': 'True', 'invocation_command': 'dbt init . --skip-profile-setup', 'log_format': 'default', 'target_path': 'None', 'static_parser': 'True', 'send_anonymous_usage_stats': 'True'}
[0m19:27:24.248485 [warn ] [MainThread]: [ConfigFolderDirectory]: Unable to parse logging event dictionary. Failed to parse dir field: expected string or bytes-like object, got 'PosixPath'.. Dictionary: {'dir': PosixPath('/Users/qjf/.dbt')}
[0m19:27:24.248785 [info ] [MainThread]: Creating dbt configuration folder at 
[0m19:28:57.793555 [debug] [MainThread]: Starter project path: /Users/qjf/Library/Caches/pypoetry/virtualenvs/elt-demo-t2kiQBX1-py3.12/lib/python3.12/site-packages/dbt/include/starter_project
[0m19:28:57.805065 [info ] [MainThread]: 
Your new dbt project "elt_jira_snowflake" was created!

For more information on how to configure the profiles.yml file,
please consult the dbt documentation here:

  https://docs.getdbt.com/docs/configure-your-profile

One more thing:

Need help? Don't hesitate to reach out to us via GitHub issues or on Slack:

  https://community.getdbt.com/

Happy modeling!

[0m19:28:57.844452 [debug] [MainThread]: Resource report: {"command_name": "init", "command_success": true, "command_wall_clock_time": 93.685905, "process_in_blocks": "0", "process_kernel_time": 0.338516, "process_mem_max_rss": "135839744", "process_out_blocks": "0", "process_user_time": 1.551963}
[0m19:28:57.845211 [debug] [MainThread]: Command `dbt init` succeeded at 19:28:57.845075 after 93.69 seconds
[0m19:28:57.845852 [debug] [MainThread]: Sending event: {'category': 'dbt', 'action': 'invocation', 'label': 'end', 'context': [<snowplow_tracker.self_describing_json.SelfDescribingJson object at 0x12163d820>, <snowplow_tracker.self_describing_json.SelfDescribingJson object at 0x1073e8e30>, <snowplow_tracker.self_describing_json.SelfDescribingJson object at 0x107b4e870>]}
[0m19:28:57.846353 [debug] [MainThread]: Flushing usage events
[0m19:28:58.106400 [debug] [MainThread]: An error was encountered while trying to flush usage events
[0m19:29:24.874300 [debug] [MainThread]: Sending event: {'category': 'dbt', 'action': 'invocation', 'label': 'start', 'context': [<snowplow_tracker.self_describing_json.SelfDescribingJson object at 0x1044cddc0>, <snowplow_tracker.self_describing_json.SelfDescribingJson object at 0x1049d6660>, <snowplow_tracker.self_describing_json.SelfDescribingJson object at 0x1049d6360>]}


============================== 19:29:24.877335 | decc6197-5316-439e-bb70-5f558d1c9c89 ==============================
[0m19:29:24.877335 [info ] [MainThread]: Running with dbt=1.9.4
[0m19:29:24.877688 [debug] [MainThread]: running dbt with arguments {'printer_width': '80', 'indirect_selection': 'eager', 'write_json': 'True', 'log_cache_events': 'False', 'partial_parse': 'True', 'cache_selected_only': 'False', 'warn_error': 'None', 'fail_fast': 'False', 'version_check': 'True', 'log_path': 'logs', 'debug': 'False', 'profiles_dir': '/Users/qjf/.dbt', 'use_colors': 'True', 'use_experimental_parser': 'False', 'no_print': 'None', 'quiet': 'False', 'empty': 'None', 'warn_error_options': 'WarnErrorOptions(include=[], exclude=[])', 'introspect': 'True', 'invocation_command': 'dbt debug', 'log_format': 'default', 'target_path': 'None', 'static_parser': 'True', 'send_anonymous_usage_stats': 'True'}
[0m19:29:24.890988 [info ] [MainThread]: dbt version: 1.9.4
[0m19:29:24.891303 [info ] [MainThread]: python version: 3.12.0
[0m19:29:24.891512 [info ] [MainThread]: python path: /Users/qjf/Library/Caches/pypoetry/virtualenvs/elt-demo-t2kiQBX1-py3.12/bin/python
[0m19:29:24.891713 [info ] [MainThread]: os info: macOS-15.4.1-arm64-arm-64bit
[0m19:29:24.891894 [info ] [MainThread]: Using profiles dir at /Users/qjf/.dbt
[0m19:29:24.892095 [info ] [MainThread]: Using profiles.yml file at /Users/qjf/.dbt/profiles.yml
[0m19:29:24.892290 [info ] [MainThread]: Using dbt_project.yml file at /Users/qjf/Documents/demo-elt-fivetran-dbt-snowflake/dbt_project.yml
[0m19:29:24.892474 [info ] [MainThread]: Configuration:
[0m19:29:24.892638 [info ] [MainThread]:   profiles.yml file [[31mERROR not found[0m]
[0m19:29:24.892787 [info ] [MainThread]:   dbt_project.yml file [[31mERROR not found[0m]
[0m19:29:24.892949 [info ] [MainThread]: Required dependencies:
[0m19:29:24.893154 [debug] [MainThread]: Executing "git --help"
[0m19:29:24.929856 [debug] [MainThread]: STDOUT: "b"usage: git [--version] [--help] [-C <path>] [-c <name>=<value>]\n           [--exec-path[=<path>]] [--html-path] [--man-path] [--info-path]\n           [-p | --paginate | -P | --no-pager] [--no-replace-objects] [--bare]\n           [--git-dir=<path>] [--work-tree=<path>] [--namespace=<name>]\n           [--super-prefix=<path>] [--config-env=<name>=<envvar>]\n           <command> [<args>]\n\nThese are common Git commands used in various situations:\n\nstart a working area (see also: git help tutorial)\n   clone     Clone a repository into a new directory\n   init      Create an empty Git repository or reinitialize an existing one\n\nwork on the current change (see also: git help everyday)\n   add       Add file contents to the index\n   mv        Move or rename a file, a directory, or a symlink\n   restore   Restore working tree files\n   rm        Remove files from the working tree and from the index\n\nexamine the history and state (see also: git help revisions)\n   bisect    Use binary search to find the commit that introduced a bug\n   diff      Show changes between commits, commit and working tree, etc\n   grep      Print lines matching a pattern\n   log       Show commit logs\n   show      Show various types of objects\n   status    Show the working tree status\n\ngrow, mark and tweak your common history\n   branch    List, create, or delete branches\n   commit    Record changes to the repository\n   merge     Join two or more development histories together\n   rebase    Reapply commits on top of another base tip\n   reset     Reset current HEAD to the specified state\n   switch    Switch branches\n   tag       Create, list, delete or verify a tag object signed with GPG\n\ncollaborate (see also: git help workflows)\n   fetch     Download objects and refs from another repository\n   pull      Fetch from and integrate with another repository or a local branch\n   push      Update remote refs along with associated objects\n\n'git help -a' and 'git help -g' list available subcommands and some\nconcept guides. See 'git help <command>' or 'git help <concept>'\nto read about a specific subcommand or concept.\nSee 'git help git' for an overview of the system.\n""
[0m19:29:24.930663 [debug] [MainThread]: STDERR: "b''"
[0m19:29:24.930923 [info ] [MainThread]:  - git [[32mOK found[0m]

[0m19:29:24.931121 [info ] [MainThread]: Connection test skipped since no profile was found
[0m19:29:24.931375 [info ] [MainThread]: [31m2 checks failed:[0m
[0m19:29:24.931529 [info ] [MainThread]: dbt looked for a profiles.yml file in /Users/qjf/.dbt/profiles.yml, but did
not find one. For more information on configuring your profile, consult the
documentation:

https://docs.getdbt.com/docs/configure-your-profile


[0m19:29:24.931720 [info ] [MainThread]: Project loading failed for the following reason:
 project path </Users/qjf/Documents/demo-elt-fivetran-dbt-snowflake/dbt_project.yml> not found

[0m19:29:24.933978 [debug] [MainThread]: Resource report: {"command_name": "debug", "command_success": false, "command_wall_clock_time": 0.096320376, "process_in_blocks": "0", "process_kernel_time": 0.142672, "process_mem_max_rss": "102318080", "process_out_blocks": "0", "process_user_time": 0.699307}
[0m19:29:24.934369 [debug] [MainThread]: Command `dbt debug` failed at 19:29:24.934303 after 0.10 seconds
[0m19:29:24.934786 [debug] [MainThread]: Sending event: {'category': 'dbt', 'action': 'invocation', 'label': 'end', 'context': [<snowplow_tracker.self_describing_json.SelfDescribingJson object at 0x10486b9b0>, <snowplow_tracker.self_describing_json.SelfDescribingJson object at 0x103eac650>, <snowplow_tracker.self_describing_json.SelfDescribingJson object at 0x103eac6e0>]}
[0m19:29:24.935071 [debug] [MainThread]: Flushing usage events
[0m19:29:25.050077 [debug] [MainThread]: An error was encountered while trying to flush usage events
